<?xml version="1.0" encoding="UTF-8"?>
<!-- Generated by org.testng.reporters.JUnitReportReporter -->
<testsuite hostname="LAPTOP-EGPSQIKQ" failures="0" tests="3" name="com.testNG.GroupsTest" time="0.002" errors="0" timestamp="2022-10-15T14:25:43 IST" skipped="0">
  <testcase classname="com.testNG.GroupsTest" name="login" time="0.001"/>
  <system-out/>
  <testcase classname="com.testNG.GroupsTest" name="login3" time="0.000"/>
  <system-out/>
  <testcase classname="com.testNG.GroupsTest" name="login2" time="0.001"/>
  <system-out/>
</testsuite> <!-- com.testNG.GroupsTest -->
