<?xml version="1.0" encoding="UTF-8"?>
<!-- Generated by org.testng.reporters.JUnitReportReporter -->
<testsuite hostname="LAPTOP-EGPSQIKQ" failures="0" tests="2" name="maven1.Testing1" time="36.553" errors="0" timestamp="2022-10-12T14:10:32 IST" skipped="0">
  <testcase classname="maven1.Testing1" name="check" time="0.019"/>
  <system-out/>
  <testcase classname="maven1.Testing1" name="login" time="36.534"/>
  <system-out/>
</testsuite> <!-- maven1.Testing1 -->
