<?xml version="1.0" encoding="UTF-8"?>
<!-- Generated by org.testng.reporters.JUnitReportReporter -->
<testsuite hostname="LAPTOP-EGPSQIKQ" failures="0" tests="5" name="com.testNG.DataProvide" time="39.045" errors="0" timestamp="2022-10-18T17:15:22 IST" skipped="0">
  <testcase classname="com.testNG.DataProvide" name="login" time="4.935"/>
  <system-out/>
  <testcase classname="com.testNG.DataProvide" name="login" time="7.049"/>
  <system-out/>
  <testcase classname="com.testNG.DataProvide" name="login" time="3.690"/>
  <system-out/>
  <testcase classname="com.testNG.DataProvide" name="login" time="12.532"/>
  <system-out/>
  <testcase classname="com.testNG.DataProvide" name="login" time="10.839"/>
  <system-out/>
</testsuite> <!-- com.testNG.DataProvide -->
