<?xml version="1.0" encoding="UTF-8"?>
<!-- Generated by org.testng.reporters.JUnitReportReporter -->
<testsuite hostname="LAPTOP-EGPSQIKQ" failures="0" tests="3" name="com.testNG.Depends" time="0.009" errors="0" timestamp="2022-10-16T14:45:06 IST" skipped="0">
  <testcase classname="com.testNG.Depends" name="createshipment" time="0.007"/>
  <system-out/>
  <testcase classname="com.testNG.Depends" name="cancelshipment" time="0.001"/>
  <system-out/>
  <testcase classname="com.testNG.Depends" name="trackshipment" time="0.001"/>
  <system-out/>
</testsuite> <!-- com.testNG.Depends -->
