<?xml version="1.0" encoding="UTF-8"?>
<!-- Generated by org.testng.reporters.JUnitReportReporter -->
<testsuite hostname="LAPTOP-EGPSQIKQ" failures="0" tests="1" name="maven1.Test2" time="0.001" errors="0" timestamp="2022-10-12T14:10:32 IST" skipped="0">
  <testcase classname="maven1.Test2" name="test" time="0.001"/>
  <system-out/>
</testsuite> <!-- maven1.Test2 -->
