<?xml version="1.0" encoding="UTF-8"?>
<!-- Generated by org.testng.reporters.JUnitReportReporter -->
<testsuite hostname="LAPTOP-EGPSQIKQ" failures="0" tests="2" name="com.testNG.Dataprovider" time="25.279" errors="0" timestamp="2022-10-18T16:42:17 IST" skipped="0">
  <testcase classname="com.testNG.Dataprovider" name="logintest" time="10.067"/>
  <system-out/>
  <testcase classname="com.testNG.Dataprovider" name="logintest" time="15.212"/>
  <system-out/>
</testsuite> <!-- com.testNG.Dataprovider -->
