<?xml version="1.0" encoding="UTF-8"?>
<!-- Generated by org.testng.reporters.JUnitReportReporter -->
<testsuite hostname="LAPTOP-EGPSQIKQ" failures="0" tests="1" name="maven1.Testing2" time="4.380" errors="0" timestamp="2022-10-12T00:27:54 IST" skipped="0">
  <testcase classname="maven1.Testing2" name="googletest" time="4.380"/>
  <system-out/>
</testsuite> <!-- maven1.Testing2 -->
