<?xml version="1.0" encoding="UTF-8"?>
<!-- Generated by org.testng.reporters.JUnitReportReporter -->
<testsuite hostname="LAPTOP-EGPSQIKQ" failures="0" tests="3" name="com.testNG.Ig" time="0.016" errors="0" timestamp="2022-10-13T14:14:50 IST" skipped="0">
  <testcase classname="com.testNG.Ig" name="first" time="0.013"/>
  <system-out/>
  <testcase classname="com.testNG.Ig" name="second" time="0.001"/>
  <system-out/>
  <testcase classname="com.testNG.Ig" name="third" time="0.002"/>
  <system-out/>
</testsuite> <!-- com.testNG.Ig -->
