<?xml version="1.0" encoding="UTF-8"?>
<!-- Generated by org.testng.reporters.JUnitReportReporter -->
<testsuite hostname="LAPTOP-EGPSQIKQ" failures="0" tests="2" name="com.testNG.Dataprovider2" time="0.013" errors="0" timestamp="2022-10-19T15:37:18 IST" skipped="0">
  <testcase classname="com.testNG.Dataprovider2" name="logintes" time="0.011"/>
  <system-out/>
  <testcase classname="com.testNG.Dataprovider2" name="logintes" time="0.002"/>
  <system-out/>
</testsuite> <!-- com.testNG.Dataprovider2 -->
