<?xml version="1.0" encoding="UTF-8"?>
<!-- Generated by org.testng.reporters.JUnitReportReporter -->
<testsuite hostname="LAPTOP-EGPSQIKQ" failures="0" tests="1" name="com.testNG.OptionalParam" time="4.157" errors="0" timestamp="2022-10-13T14:22:38 IST" skipped="0">
  <testcase classname="com.testNG.OptionalParam" name="browser" time="4.157"/>
  <system-out/>
</testsuite> <!-- com.testNG.OptionalParam -->
