<?xml version="1.0" encoding="UTF-8"?>
<!-- Generated by org.testng.reporters.JUnitReportReporter -->
<testsuite hostname="LAPTOP-EGPSQIKQ" failures="0" tests="3" name="com.testNG.GroupsTest" time="0.005" errors="0" timestamp="2022-10-20T17:04:10 IST" skipped="0">
  <testcase classname="com.testNG.GroupsTest" name="login2" time="0.000"/>
  <system-out/>
  <testcase classname="com.testNG.GroupsTest" name="login" time="0.005"/>
  <system-out/>
  <testcase classname="com.testNG.GroupsTest" name="login3" time="0.000"/>
  <system-out/>
</testsuite> <!-- com.testNG.GroupsTest -->
